<?xml version="1.0" encoding="UTF-8"?>
<!-- Generated by org.testng.reporters.JUnitXMLReporter -->
<testsuite ignored="0" hostname="LAPTOP-9T5F1S0J" failures="0" tests="4" name="Test" time="26.844" errors="0" timestamp="2021-10-08T02:06:56 IST">
  <testcase classname="Academy.HomePage" name="basePageNavigation" time="4.587"/>
  <testcase classname="Academy.HomePage" name="basePageNavigation" time="5.714"/>
  <testcase classname="Academy.ValidateTitle" name="basePageNavigation" time="0.047"/>
  <testcase classname="Academy.ValidateNavigationBar" name="basePageNavigation" time="0.06"/>
</testsuite> <!-- Test -->
