<?xml version="1.0" encoding="UTF-8"?>
<!-- Generated by org.testng.reporters.JUnitXMLReporter -->
<testsuite ignored="0" hostname="LAPTOP-9T5F1S0J" failures="1" tests="1" name="Validating Title" time="17.819" errors="0" timestamp="2021-10-09T04:02:44 IST">
  <testcase classname="Academy.ValidateTitle" name="validateTitle" time="0.097">
    <failure type="java.lang.AssertionError" message="expected [FEATURED COURSES 123] but found [FEATURED COURSES]">
      <![CDATA[java.lang.AssertionError: expected [FEATURED COURSES 123] but found [FEATURED COURSES]
at Academy.ValidateTitle.validateTitle(ValidateTitle.java:34)
at java.base/java.util.ArrayList.forEach(ArrayList.java:1511)
at java.base/java.util.concurrent.FutureTask.run(FutureTask.java:264)
at java.base/java.util.concurrent.ThreadPoolExecutor.runWorker(ThreadPoolExecutor.java:1130)
at java.base/java.util.concurrent.ThreadPoolExecutor$Worker.run(ThreadPoolExecutor.java:630)
at java.base/java.lang.Thread.run(Thread.java:832)
... Removed 24 stack frames]]>
    </failure>
  </testcase> <!-- validateTitle -->
</testsuite> <!-- Validating Title -->
