<?xml version="1.0" encoding="UTF-8"?>
<testng-results ignored="0" total="4" passed="4" failed="0" skipped="0">
  <reporter-output>
  </reporter-output>
  <suite started-at="2021-10-12T18:30:58 IST" name="Suite" finished-at="2021-10-12T18:31:10 IST" duration-ms="11344">
    <groups>
    </groups>
    <test started-at="2021-10-12T18:30:58 IST" name="app testing" finished-at="2021-10-12T18:30:58 IST" duration-ms="12">
    </test> <!-- app testing -->
    <test started-at="2021-10-12T18:30:58 IST" name="validating Navigation Bar" finished-at="2021-10-12T18:31:08 IST" duration-ms="9806">
      <class name="Academy.ValidateNavigationBar">
        <test-method is-config="true" signature="initialize()[pri:0, instance:Academy.ValidateNavigationBar@3be8821f]" started-at="2021-10-12T18:30:58 IST" name="initialize" finished-at="2021-10-12T18:31:06 IST" duration-ms="7553" status="PASS">
          <reporter-output>
          </reporter-output>
        </test-method> <!-- initialize -->
        <test-method signature="validateAppNavBar()[pri:0, instance:Academy.ValidateNavigationBar@3be8821f]" started-at="2021-10-12T18:31:06 IST" name="validateAppNavBar" finished-at="2021-10-12T18:31:06 IST" duration-ms="230" status="PASS">
          <reporter-output>
          </reporter-output>
        </test-method> <!-- validateAppNavBar -->
        <test-method is-config="true" signature="teardown()[pri:0, instance:Academy.ValidateNavigationBar@3be8821f]" started-at="2021-10-12T18:31:06 IST" name="teardown" finished-at="2021-10-12T18:31:08 IST" duration-ms="1993" status="PASS">
          <reporter-output>
          </reporter-output>
        </test-method> <!-- teardown -->
      </class> <!-- Academy.ValidateNavigationBar -->
    </test> <!-- validating Navigation Bar -->
    <test started-at="2021-10-12T18:30:58 IST" name="Validating Title" finished-at="2021-10-12T18:31:08 IST" duration-ms="10107">
      <class name="Academy.ValidateTitle">
        <test-method is-config="true" signature="initialize()[pri:0, instance:Academy.ValidateTitle@7e8e8651]" started-at="2021-10-12T18:30:58 IST" name="initialize" finished-at="2021-10-12T18:31:06 IST" duration-ms="7959" status="PASS">
          <reporter-output>
          </reporter-output>
        </test-method> <!-- initialize -->
        <test-method signature="validateTitle()[pri:0, instance:Academy.ValidateTitle@7e8e8651]" started-at="2021-10-12T18:31:06 IST" name="validateTitle" finished-at="2021-10-12T18:31:06 IST" duration-ms="62" status="PASS">
          <reporter-output>
          </reporter-output>
        </test-method> <!-- validateTitle -->
        <test-method is-config="true" signature="teardown()[pri:0, instance:Academy.ValidateTitle@7e8e8651]" started-at="2021-10-12T18:31:06 IST" name="teardown" finished-at="2021-10-12T18:31:08 IST" duration-ms="2063" status="PASS">
          <reporter-output>
          </reporter-output>
        </test-method> <!-- teardown -->
      </class> <!-- Academy.ValidateTitle -->
    </test> <!-- Validating Title -->
    <test started-at="2021-10-12T18:30:58 IST" name="Validating Home PAge" finished-at="2021-10-12T18:31:10 IST" duration-ms="11344">
      <class name="Academy.HomePage">
        <test-method is-config="true" signature="initialize()[pri:0, instance:Academy.HomePage@2b27cc70]" started-at="2021-10-12T18:30:58 IST" name="initialize" finished-at="2021-10-12T18:31:02 IST" duration-ms="3724" status="PASS">
          <reporter-output>
          </reporter-output>
        </test-method> <!-- initialize -->
        <test-method signature="basePageNavigation(java.lang.String,java.lang.String)[pri:0, instance:Academy.HomePage@2b27cc70]" started-at="2021-10-12T18:31:02 IST" name="basePageNavigation" data-provider="getData" finished-at="2021-10-12T18:31:07 IST" duration-ms="5153" status="PASS">
          <params>
            <param index="0">
              <value>
                <![CDATA[test1@gmail.com]]>
              </value>
            </param>
            <param index="1">
              <value>
                <![CDATA[pass1]]>
              </value>
            </param>
          </params>
          <reporter-output>
          </reporter-output>
        </test-method> <!-- basePageNavigation -->
        <test-method signature="basePageNavigation(java.lang.String,java.lang.String)[pri:0, instance:Academy.HomePage@2b27cc70]" started-at="2021-10-12T18:31:07 IST" name="basePageNavigation" data-provider="getData" finished-at="2021-10-12T18:31:10 IST" duration-ms="2311" status="PASS">
          <params>
            <param index="0">
              <value>
                <![CDATA[test2@gmail.com]]>
              </value>
            </param>
            <param index="1">
              <value>
                <![CDATA[pass2]]>
              </value>
            </param>
          </params>
          <reporter-output>
          </reporter-output>
        </test-method> <!-- basePageNavigation -->
        <test-method is-config="true" signature="teardown()[pri:0, instance:Academy.HomePage@2b27cc70]" started-at="2021-10-12T18:31:10 IST" name="teardown" finished-at="2021-10-12T18:31:10 IST" duration-ms="89" status="PASS">
          <reporter-output>
          </reporter-output>
        </test-method> <!-- teardown -->
      </class> <!-- Academy.HomePage -->
    </test> <!-- Validating Home PAge -->
  </suite> <!-- Suite -->
</testng-results>
